<?xml version="1.0" encoding="UTF-8"?>
<testsuite xmlns:xsi="http://www.w3.org/2001/XMLSchema-instance" xsi:noNamespaceSchemaLocation="https://maven.apache.org/surefire/maven-surefire-plugin/xsd/surefire-test-report.xsd" version="3.0.2" name="com.crypto.portfolio.PortfolioApplicationTests" time="0.581" tests="1" errors="0" skipped="0" failures="0">
  <properties>
[...]
</properties>
  <testcase name="contextLoads" classname="com.crypto.portfolio.PortfolioApplicationTests" time="0.003">
    <system-out><![CDATA[2025-07-27T20:33:33.409+03:00  INFO 25777 --- [portfolio] [           main] t.c.s.AnnotationConfigContextLoaderUtils : Could not detect default configuration classes for test class [com.crypto.portfolio.PortfolioApplicationTests]: PortfolioApplicationTests does not declare any static, non-private, non-final, nested classes annotated with @Configuration.
2025-07-27T20:33:33.412+03:00  INFO 25777 --- [portfolio] [           main] .b.t.c.SpringBootTestContextBootstrapper : Found @SpringBootConfiguration com.crypto.portfolio.PortfolioApplication for test class com.crypto.portfolio.PortfolioApplicationTests
2025-07-27T20:33:33.416+03:00  INFO 25777 --- [portfolio] [           main] m.p.springdotenv.DotenvPropertySource    : Initialized Dotenv with DotenvConfig{directory=null, filename=null, ignoreIfMalformed=false, ignoreIfMissing=true, systemProperties=false, prefix=null}

  .   ____          _            __ _ _
 /\\ / ___'_ __ _ _(_)_ __  __ _ \ \ \ \
( ( )\___ | '_ | '_| | '_ \/ _` | \ \ \ \
 \\/  ___)| |_)| | | | | || (_| |  ) ) ) )
  '  |____| .__|_| |_|_| |_\__, | / / / /
 =========|_|==============|___/=/_/_/_/

 :: Spring Boot ::                (v3.4.4)

2025-07-27T20:33:33.428+03:00  WARN 25777 --- [portfolio] [           main] ory$DuplicateJsonObjectContextCustomizer : 

Found multiple occurrences of org.json.JSONObject on the class path:

	jar:file:/Users/cyrilsvechko/.m2/repository/org/json/json/20231013/json-20231013.jar!/org/json/JSONObject.class
	jar:file:/Users/cyrilsvechko/.m2/repository/com/vaadin/external/google/android-json/0.0.20131108.vaadin1/android-json-0.0.20131108.vaadin1.jar!/org/json/JSONObject.class

You may wish to exclude one of them to ensure predictable runtime behavior

2025-07-27T20:33:33.428+03:00  INFO 25777 --- [portfolio] [           main] c.c.portfolio.PortfolioApplicationTests  : Starting PortfolioApplicationTests using Java 21.0.6 with PID 25777 (started by cyrilsvechko in /Users/cyrilsvechko/java_projects/portfolio)
2025-07-27T20:33:33.428+03:00  INFO 25777 --- [portfolio] [           main] c.c.portfolio.PortfolioApplicationTests  : No active profile set, falling back to 1 default profile: "default"
2025-07-27T20:33:33.519+03:00  INFO 25777 --- [portfolio] [           main] .s.d.r.c.RepositoryConfigurationDelegate : Bootstrapping Spring Data JPA repositories in DEFAULT mode.
2025-07-27T20:33:33.526+03:00  INFO 25777 --- [portfolio] [           main] .s.d.r.c.RepositoryConfigurationDelegate : Finished Spring Data repository scanning in 6 ms. Found 4 JPA repository interfaces.
2025-07-27T20:33:33.581+03:00  INFO 25777 --- [portfolio] [           main] o.hibernate.jpa.internal.util.LogHelper  : HHH000204: Processing PersistenceUnitInfo [name: default]
2025-07-27T20:33:33.582+03:00  INFO 25777 --- [portfolio] [           main] o.h.c.internal.RegionFactoryInitiator    : HHH000026: Second-level cache disabled
2025-07-27T20:33:33.587+03:00  INFO 25777 --- [portfolio] [           main] o.s.o.j.p.SpringPersistenceUnitInfo      : No LoadTimeWeaver setup: ignoring JPA class transformer
2025-07-27T20:33:33.588+03:00  INFO 25777 --- [portfolio] [           main] com.zaxxer.hikari.HikariDataSource       : HikariPool-3 - Starting...
2025-07-27T20:33:33.598+03:00  INFO 25777 --- [portfolio] [           main] com.zaxxer.hikari.pool.HikariPool        : HikariPool-3 - Added connection com.mysql.cj.jdbc.ConnectionImpl@75862489
2025-07-27T20:33:33.599+03:00  INFO 25777 --- [portfolio] [           main] com.zaxxer.hikari.HikariDataSource       : HikariPool-3 - Start completed.
2025-07-27T20:33:33.599+03:00  WARN 25777 --- [portfolio] [           main] org.hibernate.orm.deprecation            : HHH90000025: MySQLDialect does not need to be specified explicitly using 'hibernate.dialect' (remove the property setting and it will be selected by default)
2025-07-27T20:33:33.599+03:00  INFO 25777 --- [portfolio] [           main] org.hibernate.orm.connections.pooling    : HHH10001005: Database info:
	Database JDBC URL [Connecting through datasource 'HikariDataSource (HikariPool-3)']
	Database driver: undefined/unknown
	Database version: 8.0.41
	Autocommit mode: undefined/unknown
	Isolation level: undefined/unknown
	Minimum pool size: undefined/unknown
	Maximum pool size: undefined/unknown
2025-07-27T20:33:33.648+03:00  INFO 25777 --- [portfolio] [           main] o.h.e.t.j.p.i.JtaPlatformInitiator       : HHH000489: No JTA platform available (set 'hibernate.transaction.jta.platform' to enable JTA platform integration)
2025-07-27T20:33:33.668+03:00  INFO 25777 --- [portfolio] [           main] j.LocalContainerEntityManagerFactoryBean : Initialized JPA EntityManagerFactory for persistence unit 'default'
2025-07-27T20:33:33.915+03:00  WARN 25777 --- [portfolio] [           main] JpaBaseConfiguration$JpaWebConfiguration : spring.jpa.open-in-view is enabled by default. Therefore, database queries may be performed during view rendering. Explicitly configure spring.jpa.open-in-view to disable this warning
2025-07-27T20:33:33.922+03:00  INFO 25777 --- [portfolio] [           main] o.s.v.b.OptionalValidatorFactoryBean     : Failed to set up a Bean Validation provider: jakarta.validation.NoProviderFoundException: Unable to create a Configuration, because no Jakarta Bean Validation provider could be found. Add a provider like Hibernate Validator (RI) to your classpath.
2025-07-27T20:33:33.985+03:00  INFO 25777 --- [portfolio] [           main] c.c.portfolio.PortfolioApplicationTests  : Started PortfolioApplicationTests in 0.571 seconds (process running for 5.273)
]]></system-out>
  </testcase>
</testsuite>